<?xml version="1.0" encoding="UTF-8"?>
<Site BuildName="Linux-g++"
	BuildStamp="20240501-0708-Experimental"
	Name="Spectre"
	Generator="ctest-3.22.1"
	CompilerName="/usr/bin/g++"
	CompilerVersion="11.4.0"
	OSName="Linux"
	Hostname="Spectre"
	OSRelease="5.15.153.1-microsoft-standard-WSL2"
	OSVersion="#1 SMP Fri Mar 29 23:14:13 UTC 2024"
	OSPlatform="x86_64"
	Is64Bits="1"
	VendorString="GenuineIntel"
	VendorID="Intel Corporation"
	FamilyID="6"
	ModelID="154"
	ProcessorCacheSize="18432"
	NumberOfLogicalCPU="16"
	NumberOfPhysicalCPU="8"
	TotalVirtualMemory="2048"
	TotalPhysicalMemory="7808"
	LogicalProcessorsPerPhysical="2"
	ProcessorClockFrequency="3110.41"
	>
	<Testing>
		<StartDateTime>May 01 17:25 CST</StartDateTime>
		<StartTestTime>1714555530</StartTestTime>
		<TestList/>
		<EndDateTime>May 01 17:25 CST</EndDateTime>
		<EndTestTime>1714555530</EndTestTime>
		<ElapsedMinutes>0</ElapsedMinutes>
	</Testing>
</Site>
